[debug] [2020-07-15T21:25:05.697Z] ----------------------------------------------------------------------
[debug] [2020-07-15T21:25:05.698Z] Command:       /usr/local/bin/node /usr/local/bin/firebase login
[debug] [2020-07-15T21:25:05.699Z] CLI Version:   8.5.0
[debug] [2020-07-15T21:25:05.699Z] Platform:      darwin
[debug] [2020-07-15T21:25:05.699Z] Node Version:  v11.13.0
[debug] [2020-07-15T21:25:05.700Z] Time:          Wed Jul 15 2020 17:25:05 GMT-0400 (Eastern Daylight Time)
[debug] [2020-07-15T21:25:05.700Z] ----------------------------------------------------------------------
[debug] [2020-07-15T21:25:05.700Z] 
[info] i  Firebase optionally collects CLI usage and error reporting information to help improve our products. Data is collected in accordance with Google's privacy policy (https://policies.google.com/privacy) and is not used to identify you.
 
[info] 
[info] Visit this URL on this device to log in:
[info] https://accounts.google.com/o/oauth2/auth?client_id=563584335869-fgrhgmd47bqnekij5i8b5pr03ho849e6.apps.googleusercontent.com&scope=email%20openid%20https%3A%2F%2Fwww.googleapis.com%2Fauth%2Fcloudplatformprojects.readonly%20https%3A%2F%2Fwww.googleapis.com%2Fauth%2Ffirebase%20https%3A%2F%2Fwww.googleapis.com%2Fauth%2Fcloud-platform&response_type=code&state=588031880&redirect_uri=http%3A%2F%2Flocalhost%3A9005
[info] 
[info] Waiting for authentication...
[debug] [2020-07-15T21:25:40.955Z] >>> HTTP REQUEST POST https://accounts.google.com/o/oauth2/token  
 {"code":"4/1wHzw0CzPJ4F6xT-yvt-yj6A839R6-nQXLwHtoa-wXqDNlRSZFE2v-zLcyRC8T4v6qBD-7GHEbDFUEmqJeaSTp4","client_id":"563584335869-fgrhgmd47bqnekij5i8b5pr03ho849e6.apps.googleusercontent.com","client_secret":"j9iVZfS8kkCEFUPaAeJV0sAi","redirect_uri":"http://localhost:9005","grant_type":"authorization_code"}
[debug] [2020-07-15T21:25:51.088Z] Token Fetch Error: FirebaseError: Server Error. Client network socket disconnected before secure TLS connection was established
    at Request._callback (/usr/local/lib/node_modules/firebase-tools/lib/api.js:32:31)
    at self.callback (/usr/local/lib/node_modules/firebase-tools/node_modules/request/request.js:185:22)
    at Request.emit (events.js:193:13)
    at Request.EventEmitter.emit (domain.js:481:20)
    at Request.onRequestError (/usr/local/lib/node_modules/firebase-tools/node_modules/request/request.js:877:8)
    at ClientRequest.emit (events.js:193:13)
    at ClientRequest.EventEmitter.emit (domain.js:481:20)
    at TLSSocket.socketErrorListener (_http_client.js:397:9)
    at TLSSocket.emit (events.js:193:13)
    at TLSSocket.EventEmitter.emit (domain.js:481:20)
    at emitErrorNT (internal/streams/destroy.js:91:8)
    at emitErrorAndCloseNT (internal/streams/destroy.js:59:3)
    at processTicksAndRejections (internal/process/task_queues.js:81:17)
[debug] [2020-07-15T21:26:36.167Z] ----------------------------------------------------------------------
[debug] [2020-07-15T21:26:36.169Z] Command:       /usr/local/bin/node /usr/local/bin/firebase login
[debug] [2020-07-15T21:26:36.170Z] CLI Version:   8.5.0
[debug] [2020-07-15T21:26:36.170Z] Platform:      darwin
[debug] [2020-07-15T21:26:36.170Z] Node Version:  v11.13.0
[debug] [2020-07-15T21:26:36.171Z] Time:          Wed Jul 15 2020 17:26:36 GMT-0400 (Eastern Daylight Time)
[debug] [2020-07-15T21:26:36.171Z] ----------------------------------------------------------------------
[debug] [2020-07-15T21:26:36.171Z] 
[info] i  Firebase optionally collects CLI usage and error reporting information to help improve our products. Data is collected in accordance with Google's privacy policy (https://policies.google.com/privacy) and is not used to identify you.
 
[info] i  To change your data collection preference at any time, run `firebase logout` and log in again. 
[info] 
[info] Visit this URL on this device to log in:
[info] https://accounts.google.com/o/oauth2/auth?client_id=563584335869-fgrhgmd47bqnekij5i8b5pr03ho849e6.apps.googleusercontent.com&scope=email%20openid%20https%3A%2F%2Fwww.googleapis.com%2Fauth%2Fcloudplatformprojects.readonly%20https%3A%2F%2Fwww.googleapis.com%2Fauth%2Ffirebase%20https%3A%2F%2Fwww.googleapis.com%2Fauth%2Fcloud-platform&response_type=code&state=495063606&redirect_uri=http%3A%2F%2Flocalhost%3A9005
[info] 
[info] Waiting for authentication...
[debug] [2020-07-15T21:26:42.227Z] >>> HTTP REQUEST POST https://accounts.google.com/o/oauth2/token  
 {"code":"4/1wErLZROT6dLHMrCamjv7BIf3i849PITUCdCFkVp9QuUDdXWX-T9T6F7Iz77rpB3TNbcqfRSJcMq-iD27yimJMg","client_id":"563584335869-fgrhgmd47bqnekij5i8b5pr03ho849e6.apps.googleusercontent.com","client_secret":"j9iVZfS8kkCEFUPaAeJV0sAi","redirect_uri":"http://localhost:9005","grant_type":"authorization_code"}
[debug] [2020-07-15T21:26:52.961Z] Token Fetch Error: FirebaseError: Server Error. Client network socket disconnected before secure TLS connection was established
    at Request._callback (/usr/local/lib/node_modules/firebase-tools/lib/api.js:32:31)
    at self.callback (/usr/local/lib/node_modules/firebase-tools/node_modules/request/request.js:185:22)
    at Request.emit (events.js:193:13)
    at Request.EventEmitter.emit (domain.js:481:20)
    at Request.onRequestError (/usr/local/lib/node_modules/firebase-tools/node_modules/request/request.js:877:8)
    at ClientRequest.emit (events.js:193:13)
    at ClientRequest.EventEmitter.emit (domain.js:481:20)
    at TLSSocket.socketErrorListener (_http_client.js:397:9)
    at TLSSocket.emit (events.js:193:13)
    at TLSSocket.EventEmitter.emit (domain.js:481:20)
    at emitErrorNT (internal/streams/destroy.js:91:8)
    at emitErrorAndCloseNT (internal/streams/destroy.js:59:3)
    at processTicksAndRejections (internal/process/task_queues.js:81:17)
[debug] [2020-07-15T21:31:10.266Z] ----------------------------------------------------------------------
[debug] [2020-07-15T21:31:10.268Z] Command:       /usr/local/bin/node /usr/local/bin/firebase login
[debug] [2020-07-15T21:31:10.268Z] CLI Version:   8.5.0
[debug] [2020-07-15T21:31:10.268Z] Platform:      darwin
[debug] [2020-07-15T21:31:10.268Z] Node Version:  v11.13.0
[debug] [2020-07-15T21:31:10.269Z] Time:          Wed Jul 15 2020 17:31:10 GMT-0400 (Eastern Daylight Time)
[debug] [2020-07-15T21:31:10.269Z] ----------------------------------------------------------------------
[debug] [2020-07-15T21:31:10.269Z] 
[info] i  Firebase optionally collects CLI usage and error reporting information to help improve our products. Data is collected in accordance with Google's privacy policy (https://policies.google.com/privacy) and is not used to identify you.
 
[info] 
[info] Visit this URL on this device to log in:
[info] https://accounts.google.com/o/oauth2/auth?client_id=563584335869-fgrhgmd47bqnekij5i8b5pr03ho849e6.apps.googleusercontent.com&scope=email%20openid%20https%3A%2F%2Fwww.googleapis.com%2Fauth%2Fcloudplatformprojects.readonly%20https%3A%2F%2Fwww.googleapis.com%2Fauth%2Ffirebase%20https%3A%2F%2Fwww.googleapis.com%2Fauth%2Fcloud-platform&response_type=code&state=389781776&redirect_uri=http%3A%2F%2Flocalhost%3A9005
[info] 
[info] Waiting for authentication...
[debug] [2020-07-15T21:31:19.010Z] >>> HTTP REQUEST POST https://accounts.google.com/o/oauth2/token  
 {"code":"4/1wHd_L9paoL4ZTdsAAnInkg2SndaZJ9HDB1ThUpIA4mFxktUVPT2BZvuev84M8S-lGeltiGlArqrg5v5Tpzp-v0","client_id":"563584335869-fgrhgmd47bqnekij5i8b5pr03ho849e6.apps.googleusercontent.com","client_secret":"j9iVZfS8kkCEFUPaAeJV0sAi","redirect_uri":"http://localhost:9005","grant_type":"authorization_code"}
[debug] [2020-07-15T21:31:29.526Z] Token Fetch Error: FirebaseError: Server Error. Client network socket disconnected before secure TLS connection was established
    at Request._callback (/usr/local/lib/node_modules/firebase-tools/lib/api.js:32:31)
    at self.callback (/usr/local/lib/node_modules/firebase-tools/node_modules/request/request.js:185:22)
    at Request.emit (events.js:193:13)
    at Request.EventEmitter.emit (domain.js:481:20)
    at Request.onRequestError (/usr/local/lib/node_modules/firebase-tools/node_modules/request/request.js:877:8)
    at ClientRequest.emit (events.js:193:13)
    at ClientRequest.EventEmitter.emit (domain.js:481:20)
    at TLSSocket.socketErrorListener (_http_client.js:397:9)
    at TLSSocket.emit (events.js:193:13)
    at TLSSocket.EventEmitter.emit (domain.js:481:20)
    at emitErrorNT (internal/streams/destroy.js:91:8)
    at emitErrorAndCloseNT (internal/streams/destroy.js:59:3)
    at processTicksAndRejections (internal/process/task_queues.js:81:17)
